<?xml version="1.0" encoding="UTF-8"?>
<!-- Generated by org.testng.reporters.JUnitReportReporter -->
<testsuite hostname="AMANOJRE" failures="0" tests="1" name="mypack.SwagFinalTestcase" time="60.007" errors="0" timestamp="2023-06-19T12:14:54 IST" skipped="0">
  <testcase classname="mypack.SwagFinalTestcase" name="testSwagFinalTestcase" time="60.007"/>
  <system-out/>
</testsuite> <!-- mypack.SwagFinalTestcase -->
